2025-08-11 14:25:38 [INFO] 작업 시작: airline 데이터 갱신
2025-08-11 14:25:43 [INFO] 작업 완료: airline 데이터 갱신
2025-08-11 14:25:43 [INFO] 작업 시작: airport 데이터 갱신
2025-08-11 14:25:53 [INFO] 작업 완료: airport 데이터 갱신
2025-08-11 14:25:53 [INFO] 작업 시작: flight schedule 데이터 갱신
2025-08-11 14:26:49 [INFO] 작업 완료: flight schedule 데이터 갱신
2025-08-11 14:26:49 [INFO] 작업 시작: airline 정보 업데이트
2025-08-11 14:26:49 [ERROR] 작업 중 오류 발생(airline 정보 업데이트): 지정된 CSV 파일을 찾을 수 없습니다: ./MongoDB/Airline/output/unmatched_airlines_for_schedules.csv
2025-08-11 14:26:49 [INFO] 작업 시작: 국가 데이터 갱신
2025-08-11 14:26:50 [INFO] 작업 완료: 국가 데이터 갱신
2025-08-11 14:26:50 [INFO] 작업 시작: 제한 품목 데이터 갱신
2025-08-11 14:26:51 [INFO] 작업 완료: 제한 품목 데이터 갱신
2025-08-11 14:26:51 [INFO] 작업 시작: 최소 환승 시간 데이터 갱신
2025-08-11 14:26:51 [INFO] 작업 완료: 최소 환승 시간 데이터 갱신
2025-08-11 14:26:51 [INFO] 작업 시작: 공항 절차 데이터 갱신
2025-08-11 14:26:52 [INFO] 작업 완료: 공항 절차 데이터 갱신
2025-08-11 14:26:52 [INFO] 작업 시작: 환승 경로 데이터 갱신
2025-08-11 14:26:52 [INFO] 작업 완료: 환승 경로 데이터 갱신
2025-08-11 14:26:52 [INFO] 작업 시작: 공항 혼잡 예측 데이터 갱신
2025-08-11 14:26:54 [INFO] 작업 완료: 공항 혼잡 예측 데이터 갱신
2025-08-11 14:26:54 [INFO] 작업 시작: 공항 기업 데이터 갱신
2025-08-11 14:27:00 [INFO] 작업 완료: 공항 기업 데이터 갱신
2025-08-11 14:27:00 [INFO] 작업 시작: 공항 시설 데이터 갱신
2025-08-11 14:27:08 [INFO] 작업 완료: 공항 시설 데이터 갱신
2025-08-11 14:27:08 [INFO] 작업 시작: 주차 할인 정책 데이터 갱신
2025-08-11 14:27:08 [INFO] 작업 완료: 주차 할인 정책 데이터 갱신
2025-08-11 14:27:08 [INFO] 작업 시작: 주차 요금 결제 방법 데이터 갱신
2025-08-11 14:27:09 [INFO] 작업 완료: 주차 요금 결제 방법 데이터 갱신
2025-08-11 14:27:09 [INFO] 작업 시작: 주차장 데이터 갱신
2025-08-11 14:27:10 [INFO] 작업 완료: 주차장 데이터 갱신
2025-08-11 14:27:10 [INFO] 작업 시작: 주차장 보행 시간 데이터 갱신
2025-08-11 14:27:10 [INFO] 작업 완료: 주차장 보행 시간 데이터 갱신
2025-08-11 14:30:09 [INFO] 작업 시작: TAF 데이터 갱신
2025-08-11 14:30:11 [INFO] 작업 완료: TAF 데이터 갱신
2025-08-11 14:30:11 [INFO] 작업 시작: ATMOS 데이터 갱신
2025-08-11 14:30:35 [INFO] 작업 완료: ATMOS 데이터 갱신
2025-08-11 14:30:35 [INFO] 작업 시작: airline 데이터 갱신
2025-08-11 14:31:41 [INFO] 작업 시작: TAF 데이터 갱신
2025-08-11 14:31:42 [INFO] 작업 완료: TAF 데이터 갱신
2025-08-11 14:31:42 [INFO] 작업 시작: ATMOS 데이터 갱신
2025-08-11 14:31:47 [INFO] 작업 완료: ATMOS 데이터 갱신
2025-08-11 14:31:47 [INFO] 작업 시작: airline 데이터 갱신
2025-08-11 14:31:48 [INFO] 작업 완료: airline 데이터 갱신
2025-08-11 14:31:48 [INFO] 작업 시작: airport 데이터 갱신
2025-08-11 14:31:49 [INFO] 작업 완료: airport 데이터 갱신
2025-08-11 14:31:49 [INFO] 작업 시작: flight schedule 데이터 갱신
2025-08-11 14:34:22 [INFO] 작업 시작: TAF 데이터 갱신
2025-08-11 14:34:24 [INFO] 작업 완료: TAF 데이터 갱신
2025-08-11 14:34:24 [INFO] 작업 시작: ATMOS 데이터 갱신
2025-08-11 14:34:48 [INFO] 작업 완료: ATMOS 데이터 갱신
2025-08-11 14:34:48 [INFO] 작업 시작: airline 데이터 갱신
2025-08-11 14:34:50 [INFO] 작업 완료: airline 데이터 갱신
2025-08-11 14:34:50 [INFO] 작업 시작: airport 데이터 갱신
2025-08-11 14:34:57 [INFO] 작업 완료: airport 데이터 갱신
2025-08-11 14:34:57 [INFO] 작업 시작: flight schedule 데이터 갱신
2025-08-11 14:35:53 [INFO] 작업 완료: flight schedule 데이터 갱신
2025-08-11 14:35:53 [INFO] 작업 시작: airline 정보 업데이트
2025-08-11 14:35:53 [ERROR] 작업 중 오류 발생(airline 정보 업데이트): 지정된 CSV 파일을 찾을 수 없습니다: ./MongoDB/Airline/output/unmatched_airlines_for_schedules.csv
2025-08-11 14:35:53 [INFO] 작업 시작: 국가 데이터 갱신
2025-08-11 14:35:55 [INFO] 작업 완료: 국가 데이터 갱신
2025-08-11 14:35:55 [INFO] 작업 시작: 제한 품목 데이터 갱신
2025-08-11 14:35:56 [INFO] 작업 완료: 제한 품목 데이터 갱신
2025-08-11 14:35:56 [INFO] 작업 시작: 최소 환승 시간 데이터 갱신
2025-08-11 14:35:56 [INFO] 작업 완료: 최소 환승 시간 데이터 갱신
2025-08-11 14:35:56 [INFO] 작업 시작: 공항 절차 데이터 갱신
2025-08-11 14:35:57 [INFO] 작업 완료: 공항 절차 데이터 갱신
2025-08-11 14:35:57 [INFO] 작업 시작: 환승 경로 데이터 갱신
2025-08-11 14:35:58 [INFO] 작업 완료: 환승 경로 데이터 갱신
2025-08-11 14:35:58 [INFO] 작업 시작: 공항 혼잡 예측 데이터 갱신
2025-08-11 14:36:00 [INFO] 작업 완료: 공항 혼잡 예측 데이터 갱신
2025-08-11 14:36:00 [INFO] 작업 시작: 공항 기업 데이터 갱신
2025-08-11 14:36:07 [INFO] 작업 완료: 공항 기업 데이터 갱신
2025-08-11 14:36:07 [INFO] 작업 시작: 공항 시설 데이터 갱신
2025-08-11 14:36:15 [INFO] 작업 완료: 공항 시설 데이터 갱신
2025-08-11 14:36:15 [INFO] 작업 시작: 주차 할인 정책 데이터 갱신
2025-08-11 14:36:15 [INFO] 작업 완료: 주차 할인 정책 데이터 갱신
2025-08-11 14:36:15 [INFO] 작업 시작: 주차 요금 결제 방법 데이터 갱신
2025-08-11 14:36:16 [INFO] 작업 완료: 주차 요금 결제 방법 데이터 갱신
2025-08-11 14:36:16 [INFO] 작업 시작: 주차장 데이터 갱신
2025-08-11 14:36:16 [INFO] 작업 완료: 주차장 데이터 갱신
2025-08-11 14:36:16 [INFO] 작업 시작: 주차장 보행 시간 데이터 갱신
2025-08-11 14:36:17 [INFO] 작업 완료: 주차장 보행 시간 데이터 갱신
2025-08-11 14:42:21 [INFO] 작업 시작: TAF 데이터 갱신
2025-08-11 14:42:21 [INFO] 작업 완료: TAF 데이터 갱신
2025-08-11 14:42:21 [INFO] 작업 시작: ATMOS 데이터 갱신
2025-08-11 14:42:21 [INFO] 작업 완료: ATMOS 데이터 갱신
2025-08-11 14:42:21 [INFO] 작업 시작: airline 데이터 갱신
2025-08-11 14:42:24 [INFO] 작업 완료: airline 데이터 갱신
2025-08-11 14:42:24 [INFO] 작업 시작: airport 데이터 갱신
2025-08-11 14:42:31 [INFO] 작업 완료: airport 데이터 갱신
2025-08-11 14:42:31 [INFO] 작업 시작: flight schedule 데이터 갱신
2025-08-11 14:43:24 [INFO] 작업 완료: flight schedule 데이터 갱신
2025-08-11 14:43:24 [INFO] 작업 시작: airline 정보 업데이트
2025-08-11 14:43:24 [ERROR] 작업 중 오류 발생(airline 정보 업데이트): 지정된 CSV 파일을 찾을 수 없습니다: C:\Users\User\Desktop\ICN-AI-chatbot\DB\MongoDB\Airline\output\unmatched_airlines_for_schedules.csv
2025-08-11 14:43:24 [INFO] 작업 시작: 국가 데이터 갱신
2025-08-11 14:43:25 [INFO] 작업 완료: 국가 데이터 갱신
2025-08-11 14:43:25 [INFO] 작업 시작: 제한 품목 데이터 갱신
2025-08-11 14:43:26 [INFO] 작업 완료: 제한 품목 데이터 갱신
2025-08-11 14:43:26 [INFO] 작업 시작: 최소 환승 시간 데이터 갱신
2025-08-11 14:43:26 [INFO] 작업 완료: 최소 환승 시간 데이터 갱신
2025-08-11 14:43:26 [INFO] 작업 시작: 공항 절차 데이터 갱신
2025-08-11 14:43:27 [INFO] 작업 완료: 공항 절차 데이터 갱신
2025-08-11 14:43:27 [INFO] 작업 시작: 환승 경로 데이터 갱신
2025-08-11 14:43:27 [INFO] 작업 완료: 환승 경로 데이터 갱신
2025-08-11 14:43:27 [INFO] 작업 시작: 공항 혼잡 예측 데이터 갱신
2025-08-11 14:43:28 [INFO] 작업 완료: 공항 혼잡 예측 데이터 갱신
2025-08-11 14:43:28 [INFO] 작업 시작: 공항 기업 데이터 갱신
2025-08-11 14:43:32 [INFO] 작업 완료: 공항 기업 데이터 갱신
2025-08-11 14:43:32 [INFO] 작업 시작: 공항 시설 데이터 갱신
2025-08-11 14:43:37 [INFO] 작업 완료: 공항 시설 데이터 갱신
2025-08-11 14:43:37 [INFO] 작업 시작: 주차 할인 정책 데이터 갱신
2025-08-11 14:43:37 [INFO] 작업 완료: 주차 할인 정책 데이터 갱신
2025-08-11 14:43:37 [INFO] 작업 시작: 주차 요금 결제 방법 데이터 갱신
2025-08-11 14:43:38 [INFO] 작업 완료: 주차 요금 결제 방법 데이터 갱신
2025-08-11 14:43:38 [INFO] 작업 시작: 주차장 데이터 갱신
2025-08-11 14:43:39 [INFO] 작업 완료: 주차장 데이터 갱신
2025-08-11 14:43:39 [INFO] 작업 시작: 주차장 보행 시간 데이터 갱신
2025-08-11 14:43:39 [INFO] 작업 완료: 주차장 보행 시간 데이터 갱신
2025-08-11 14:47:07 [INFO] 작업 시작: TAF 데이터 갱신
2025-08-11 14:47:08 [INFO] 작업 완료: TAF 데이터 갱신
2025-08-11 14:47:08 [INFO] 작업 시작: ATMOS 데이터 갱신
2025-08-11 14:47:11 [INFO] 작업 완료: ATMOS 데이터 갱신
2025-08-11 14:47:11 [INFO] 작업 시작: airline 데이터 갱신
2025-08-11 14:47:13 [INFO] 작업 완료: airline 데이터 갱신
2025-08-11 14:47:13 [INFO] 작업 시작: airport 데이터 갱신
2025-08-11 14:47:20 [INFO] 작업 완료: airport 데이터 갱신
2025-08-11 14:47:20 [INFO] 작업 시작: flight schedule 데이터 갱신
2025-08-11 14:48:09 [INFO] 작업 완료: flight schedule 데이터 갱신
2025-08-11 14:48:09 [INFO] 작업 시작: airline 정보 업데이트
2025-08-11 14:48:09 [ERROR] 작업 중 오류 발생(airline 정보 업데이트): 지정된 CSV 파일을 찾을 수 없습니다: C:\Users\User\Desktop\ICN-AI-chatbot\DB\MongoDB\Airline\output\unmatched_airlines_for_schedules.csv
2025-08-11 14:48:09 [INFO] 작업 시작: 국가 데이터 갱신
2025-08-11 14:48:10 [INFO] 작업 완료: 국가 데이터 갱신
2025-08-11 14:48:10 [INFO] 작업 시작: 제한 품목 데이터 갱신
2025-08-11 14:48:10 [INFO] 작업 완료: 제한 품목 데이터 갱신
2025-08-11 14:48:10 [INFO] 작업 시작: 최소 환승 시간 데이터 갱신
2025-08-11 14:48:11 [INFO] 작업 완료: 최소 환승 시간 데이터 갱신
2025-08-11 14:48:11 [INFO] 작업 시작: 공항 절차 데이터 갱신
2025-08-11 14:48:11 [INFO] 작업 완료: 공항 절차 데이터 갱신
2025-08-11 14:48:11 [INFO] 작업 시작: 환승 경로 데이터 갱신
2025-08-11 14:48:12 [INFO] 작업 완료: 환승 경로 데이터 갱신
2025-08-11 14:48:12 [INFO] 작업 시작: 공항 혼잡 예측 데이터 갱신
2025-08-11 14:48:13 [INFO] 작업 완료: 공항 혼잡 예측 데이터 갱신
2025-08-11 14:48:13 [INFO] 작업 시작: 공항 기업 데이터 갱신
2025-08-11 14:48:17 [INFO] 작업 완료: 공항 기업 데이터 갱신
2025-08-11 14:48:17 [INFO] 작업 시작: 공항 시설 데이터 갱신
2025-08-11 14:48:23 [INFO] 작업 완료: 공항 시설 데이터 갱신
2025-08-11 14:48:23 [INFO] 작업 시작: 주차 할인 정책 데이터 갱신
2025-08-11 14:48:24 [INFO] 작업 완료: 주차 할인 정책 데이터 갱신
2025-08-11 14:48:24 [INFO] 작업 시작: 주차 요금 결제 방법 데이터 갱신
2025-08-11 14:48:25 [INFO] 작업 완료: 주차 요금 결제 방법 데이터 갱신
2025-08-11 14:48:25 [INFO] 작업 시작: 주차장 데이터 갱신
2025-08-11 14:48:26 [INFO] 작업 완료: 주차장 데이터 갱신
2025-08-11 14:48:26 [INFO] 작업 시작: 주차장 보행 시간 데이터 갱신
2025-08-11 14:48:26 [INFO] 작업 완료: 주차장 보행 시간 데이터 갱신
2025-08-11 14:52:26 [INFO] 작업 시작: ATMOS 데이터 갱신
2025-08-11 14:52:56 [INFO] 작업 시작: TAF 데이터 갱신
2025-08-11 14:52:57 [INFO] 작업 완료: TAF 데이터 갱신
2025-08-11 14:52:57 [INFO] 작업 시작: ATMOS 데이터 갱신
2025-08-11 14:53:01 [INFO] 작업 완료: ATMOS 데이터 갱신
2025-08-11 14:53:01 [INFO] 작업 시작: airline 데이터 갱신
2025-08-11 14:53:03 [INFO] 작업 완료: airline 데이터 갱신
2025-08-11 14:53:03 [INFO] 작업 시작: airport 데이터 갱신
2025-08-11 14:53:11 [INFO] 작업 완료: airport 데이터 갱신
2025-08-11 14:53:11 [INFO] 작업 시작: flight schedule 데이터 갱신
2025-08-11 14:54:02 [INFO] 작업 완료: flight schedule 데이터 갱신
2025-08-11 14:54:02 [INFO] 작업 시작: airline 정보 업데이트
2025-08-11 14:54:02 [ERROR] 작업 중 오류 발생(airline 정보 업데이트): 지정된 CSV 파일을 찾을 수 없습니다: C:\Users\User\Desktop\ICN-AI-chatbot\DB\MongoDB\Airline\output\unmatched_airlines_for_schedules.csv
2025-08-11 14:54:02 [INFO] 작업 시작: 국가 데이터 갱신
2025-08-11 14:54:03 [INFO] 작업 완료: 국가 데이터 갱신
2025-08-11 14:54:03 [INFO] 작업 시작: 제한 품목 데이터 갱신
2025-08-11 14:54:04 [INFO] 작업 완료: 제한 품목 데이터 갱신
2025-08-11 14:54:04 [INFO] 작업 시작: 최소 환승 시간 데이터 갱신
2025-08-11 14:54:04 [INFO] 작업 완료: 최소 환승 시간 데이터 갱신
2025-08-11 14:54:04 [INFO] 작업 시작: 공항 절차 데이터 갱신
2025-08-11 14:54:05 [INFO] 작업 완료: 공항 절차 데이터 갱신
2025-08-11 14:54:05 [INFO] 작업 시작: 환승 경로 데이터 갱신
2025-08-11 14:54:05 [INFO] 작업 완료: 환승 경로 데이터 갱신
2025-08-11 14:54:05 [INFO] 작업 시작: 공항 혼잡 예측 데이터 갱신
2025-08-11 14:54:06 [INFO] 작업 완료: 공항 혼잡 예측 데이터 갱신
2025-08-11 14:54:06 [INFO] 작업 시작: 공항 기업 데이터 갱신
2025-08-11 14:54:11 [INFO] 작업 완료: 공항 기업 데이터 갱신
2025-08-11 14:54:11 [INFO] 작업 시작: 공항 시설 데이터 갱신
2025-08-11 14:54:16 [INFO] 작업 완료: 공항 시설 데이터 갱신
2025-08-11 14:54:16 [INFO] 작업 시작: 주차 할인 정책 데이터 갱신
2025-08-11 14:54:16 [INFO] 작업 완료: 주차 할인 정책 데이터 갱신
2025-08-11 14:54:16 [INFO] 작업 시작: 주차 요금 결제 방법 데이터 갱신
2025-08-11 14:54:17 [INFO] 작업 완료: 주차 요금 결제 방법 데이터 갱신
2025-08-11 14:54:17 [INFO] 작업 시작: 주차장 데이터 갱신
2025-08-11 14:54:18 [INFO] 작업 완료: 주차장 데이터 갱신
2025-08-11 14:54:18 [INFO] 작업 시작: 주차장 보행 시간 데이터 갱신
2025-08-11 14:54:18 [INFO] 작업 완료: 주차장 보행 시간 데이터 갱신
2025-08-11 14:58:18 [INFO] 작업 시작: ATMOS 데이터 갱신
2025-08-11 14:58:27 [INFO] 작업 완료: ATMOS 데이터 갱신
2025-08-11 15:03:27 [INFO] 작업 시작: ATMOS 데이터 갱신
2025-08-11 15:03:51 [INFO] 작업 완료: ATMOS 데이터 갱신
2025-08-11 15:12:56 [INFO] 작업 시작: TAF 데이터 갱신
2025-08-11 15:12:57 [INFO] 작업 완료: TAF 데이터 갱신
2025-08-11 15:12:57 [INFO] 작업 시작: ATMOS 데이터 갱신
2025-08-11 15:13:15 [INFO] 작업 완료: ATMOS 데이터 갱신
2025-08-11 15:13:15 [INFO] 작업 시작: airline 데이터 갱신
2025-08-11 15:13:16 [INFO] 작업 완료: airline 데이터 갱신
2025-08-11 15:13:16 [INFO] 작업 시작: airport 데이터 갱신
2025-08-11 15:13:22 [INFO] 작업 완료: airport 데이터 갱신
2025-08-11 15:13:22 [INFO] 작업 시작: flight schedule 데이터 갱신
2025-08-11 15:14:17 [INFO] 작업 완료: flight schedule 데이터 갱신
2025-08-11 15:14:17 [INFO] 작업 시작: airline 정보 업데이트
2025-08-11 15:14:18 [INFO] 작업 완료: airline 정보 업데이트
2025-08-11 15:14:18 [INFO] 작업 시작: 국가 데이터 갱신
2025-08-11 15:14:21 [INFO] 작업 완료: 국가 데이터 갱신
2025-08-11 15:14:21 [INFO] 작업 시작: 제한 품목 데이터 갱신
2025-08-11 15:14:22 [INFO] 작업 완료: 제한 품목 데이터 갱신
2025-08-11 15:14:22 [INFO] 작업 시작: 최소 환승 시간 데이터 갱신
2025-08-11 15:14:24 [INFO] 작업 완료: 최소 환승 시간 데이터 갱신
2025-08-11 15:14:24 [INFO] 작업 시작: 공항 절차 데이터 갱신
2025-08-11 15:14:25 [INFO] 작업 완료: 공항 절차 데이터 갱신
2025-08-11 15:14:25 [INFO] 작업 시작: 환승 경로 데이터 갱신
2025-08-11 15:14:26 [INFO] 작업 완료: 환승 경로 데이터 갱신
2025-08-11 15:14:26 [INFO] 작업 시작: 공항 혼잡 예측 데이터 갱신
2025-08-11 15:14:27 [INFO] 작업 완료: 공항 혼잡 예측 데이터 갱신
2025-08-11 15:14:27 [INFO] 작업 시작: 공항 기업 데이터 갱신
2025-08-11 15:14:32 [INFO] 작업 완료: 공항 기업 데이터 갱신
2025-08-11 15:14:32 [INFO] 작업 시작: 공항 시설 데이터 갱신
2025-08-11 15:14:37 [INFO] 작업 완료: 공항 시설 데이터 갱신
2025-08-11 15:14:37 [INFO] 작업 시작: 주차 할인 정책 데이터 갱신
2025-08-11 15:14:38 [INFO] 작업 완료: 주차 할인 정책 데이터 갱신
2025-08-11 15:14:38 [INFO] 작업 시작: 주차 요금 결제 방법 데이터 갱신
2025-08-11 15:14:38 [INFO] 작업 완료: 주차 요금 결제 방법 데이터 갱신
2025-08-11 15:14:38 [INFO] 작업 시작: 주차장 데이터 갱신
2025-08-11 15:14:39 [INFO] 작업 완료: 주차장 데이터 갱신
2025-08-11 15:14:39 [INFO] 작업 시작: 주차장 보행 시간 데이터 갱신
2025-08-11 15:14:39 [INFO] 작업 완료: 주차장 보행 시간 데이터 갱신
2025-08-11 15:18:39 [INFO] 작업 시작: ATMOS 데이터 갱신
2025-08-11 15:19:05 [INFO] 작업 시작: TAF 데이터 갱신
2025-08-11 15:19:06 [INFO] 작업 완료: TAF 데이터 갱신
2025-08-11 15:19:06 [INFO] 작업 시작: ATMOS 데이터 갱신
2025-08-11 15:19:11 [INFO] 작업 완료: ATMOS 데이터 갱신
2025-08-11 15:19:11 [INFO] 작업 시작: airline 데이터 갱신
2025-08-11 15:19:12 [INFO] 작업 완료: airline 데이터 갱신
2025-08-11 15:19:12 [INFO] 작업 시작: airport 데이터 갱신
2025-08-11 15:19:19 [INFO] 작업 완료: airport 데이터 갱신
2025-08-11 15:19:19 [INFO] 작업 시작: flight schedule 데이터 갱신
2025-08-11 15:20:11 [INFO] 작업 완료: flight schedule 데이터 갱신
2025-08-11 15:20:11 [INFO] 작업 시작: airline 정보 업데이트
2025-08-11 15:20:12 [INFO] 작업 완료: airline 정보 업데이트
2025-08-11 15:20:12 [INFO] 작업 시작: 국가 데이터 갱신
2025-08-11 15:20:16 [INFO] 작업 완료: 국가 데이터 갱신
2025-08-11 15:20:16 [INFO] 작업 시작: 제한 품목 데이터 갱신
2025-08-11 15:20:18 [INFO] 작업 완료: 제한 품목 데이터 갱신
2025-08-11 15:20:18 [INFO] 작업 시작: 최소 환승 시간 데이터 갱신
2025-08-11 15:20:19 [INFO] 작업 완료: 최소 환승 시간 데이터 갱신
2025-08-11 15:20:19 [INFO] 작업 시작: 공항 절차 데이터 갱신
2025-08-11 15:20:21 [INFO] 작업 완료: 공항 절차 데이터 갱신
2025-08-11 15:20:21 [INFO] 작업 시작: 환승 경로 데이터 갱신
2025-08-11 15:20:22 [INFO] 작업 완료: 환승 경로 데이터 갱신
2025-08-11 15:20:22 [INFO] 작업 시작: 공항 혼잡 예측 데이터 갱신
2025-08-11 15:20:23 [INFO] 작업 완료: 공항 혼잡 예측 데이터 갱신
2025-08-11 15:20:23 [INFO] 작업 시작: 공항 기업 데이터 갱신
2025-08-11 15:20:28 [INFO] 작업 완료: 공항 기업 데이터 갱신
2025-08-11 15:20:28 [INFO] 작업 시작: 공항 시설 데이터 갱신
2025-08-11 15:20:34 [INFO] 작업 완료: 공항 시설 데이터 갱신
2025-08-11 15:20:34 [INFO] 작업 시작: 주차 할인 정책 데이터 갱신
2025-08-11 15:20:35 [INFO] 작업 완료: 주차 할인 정책 데이터 갱신
2025-08-11 15:20:35 [INFO] 작업 시작: 주차 요금 결제 방법 데이터 갱신
2025-08-11 15:20:36 [INFO] 작업 완료: 주차 요금 결제 방법 데이터 갱신
2025-08-11 15:20:36 [INFO] 작업 시작: 주차장 데이터 갱신
2025-08-11 15:20:36 [INFO] 작업 완료: 주차장 데이터 갱신
2025-08-11 15:20:36 [INFO] 작업 시작: 주차장 보행 시간 데이터 갱신
2025-08-11 15:20:37 [INFO] 작업 완료: 주차장 보행 시간 데이터 갱신
2025-08-11 15:24:37 [INFO] 작업 시작: ATMOS 데이터 갱신
2025-08-11 15:24:42 [INFO] 작업 완료: ATMOS 데이터 갱신
2025-08-11 15:25:53 [INFO] 작업 시작: TAF 데이터 갱신
2025-08-11 15:25:55 [INFO] 작업 완료: TAF 데이터 갱신
2025-08-11 15:25:55 [INFO] 작업 시작: ATMOS 데이터 갱신
2025-08-11 15:26:00 [INFO] 작업 완료: ATMOS 데이터 갱신
2025-08-11 15:26:00 [INFO] 작업 시작: airline 데이터 갱신
2025-08-11 15:26:03 [INFO] 작업 완료: airline 데이터 갱신
2025-08-11 15:26:03 [INFO] 작업 시작: airport 데이터 갱신
2025-08-11 15:26:09 [INFO] 작업 완료: airport 데이터 갱신
2025-08-11 15:26:09 [INFO] 작업 시작: flight schedule 데이터 갱신
2025-08-11 15:26:56 [INFO] 작업 완료: flight schedule 데이터 갱신
2025-08-11 15:26:56 [INFO] 작업 시작: airline 정보 업데이트
2025-08-11 15:26:56 [INFO] 작업 완료: airline 정보 업데이트
2025-08-11 15:26:56 [INFO] 작업 시작: 국가 데이터 갱신
2025-08-11 15:26:58 [INFO] 작업 완료: 국가 데이터 갱신
2025-08-11 15:26:58 [INFO] 작업 시작: 제한 품목 데이터 갱신
2025-08-11 15:27:00 [INFO] 작업 완료: 제한 품목 데이터 갱신
2025-08-11 15:27:00 [INFO] 작업 시작: 최소 환승 시간 데이터 갱신
2025-08-11 15:27:01 [INFO] 작업 완료: 최소 환승 시간 데이터 갱신
2025-08-11 15:27:01 [INFO] 작업 시작: 공항 절차 데이터 갱신
2025-08-11 15:27:02 [INFO] 작업 완료: 공항 절차 데이터 갱신
2025-08-11 15:27:02 [INFO] 작업 시작: 환승 경로 데이터 갱신
2025-08-11 15:27:03 [INFO] 작업 완료: 환승 경로 데이터 갱신
2025-08-11 15:27:03 [INFO] 작업 시작: 공항 혼잡 예측 데이터 갱신
2025-08-11 15:27:04 [INFO] 작업 완료: 공항 혼잡 예측 데이터 갱신
2025-08-11 15:27:04 [INFO] 작업 시작: 공항 기업 데이터 갱신
2025-08-11 15:27:07 [INFO] 작업 완료: 공항 기업 데이터 갱신
2025-08-11 15:27:07 [INFO] 작업 시작: 공항 시설 데이터 갱신
2025-08-11 15:27:12 [INFO] 작업 완료: 공항 시설 데이터 갱신
2025-08-11 15:27:12 [INFO] 작업 시작: 주차 할인 정책 데이터 갱신
2025-08-11 15:27:13 [INFO] 작업 완료: 주차 할인 정책 데이터 갱신
2025-08-11 15:27:13 [INFO] 작업 시작: 주차 요금 결제 방법 데이터 갱신
2025-08-11 15:27:14 [INFO] 작업 완료: 주차 요금 결제 방법 데이터 갱신
2025-08-11 15:27:14 [INFO] 작업 시작: 주차장 데이터 갱신
2025-08-11 15:27:14 [INFO] 작업 완료: 주차장 데이터 갱신
2025-08-11 15:27:14 [INFO] 작업 시작: 주차장 보행 시간 데이터 갱신
2025-08-11 15:27:15 [INFO] 작업 완료: 주차장 보행 시간 데이터 갱신
2025-08-11 15:31:15 [INFO] 작업 시작: ATMOS 데이터 갱신
2025-08-11 15:31:27 [INFO] 작업 완료: ATMOS 데이터 갱신
2025-08-11 15:33:05 [INFO] 작업 시작: TAF 데이터 갱신
2025-08-11 15:33:06 [INFO] 작업 완료: TAF 데이터 갱신
2025-08-11 15:33:06 [INFO] 작업 시작: ATMOS 데이터 갱신
2025-08-11 15:33:52 [INFO] 작업 완료: ATMOS 데이터 갱신
2025-08-11 15:33:52 [INFO] 작업 시작: airline 데이터 갱신
2025-08-11 15:33:55 [INFO] 작업 완료: airline 데이터 갱신
2025-08-11 15:33:55 [INFO] 작업 시작: airport 데이터 갱신
2025-08-11 15:34:07 [INFO] 작업 완료: airport 데이터 갱신
2025-08-11 15:34:07 [INFO] 작업 시작: flight schedule 데이터 갱신
2025-08-11 15:34:54 [INFO] 작업 완료: flight schedule 데이터 갱신
2025-08-11 15:34:54 [INFO] 작업 시작: airline 정보 업데이트
2025-08-11 15:34:58 [INFO] 작업 완료: airline 정보 업데이트
2025-08-11 15:34:58 [INFO] 작업 시작: 국가 데이터 갱신
2025-08-11 15:35:07 [INFO] 작업 완료: 국가 데이터 갱신
2025-08-11 15:35:07 [INFO] 작업 시작: 제한 품목 데이터 갱신
2025-08-11 15:35:13 [INFO] 작업 완료: 제한 품목 데이터 갱신
2025-08-11 15:35:13 [INFO] 작업 시작: 최소 환승 시간 데이터 갱신
2025-08-11 15:35:20 [INFO] 작업 완료: 최소 환승 시간 데이터 갱신
2025-08-11 15:35:20 [INFO] 작업 시작: 공항 절차 데이터 갱신
2025-08-11 15:35:30 [INFO] 작업 완료: 공항 절차 데이터 갱신
2025-08-11 15:35:30 [INFO] 작업 시작: 환승 경로 데이터 갱신
2025-08-11 15:35:36 [INFO] 작업 완료: 환승 경로 데이터 갱신
2025-08-11 15:35:36 [INFO] 작업 시작: 공항 혼잡 예측 데이터 갱신
2025-08-11 15:35:43 [INFO] 작업 완료: 공항 혼잡 예측 데이터 갱신
2025-08-11 15:35:43 [INFO] 작업 시작: 공항 기업 데이터 갱신
2025-08-11 15:35:55 [INFO] 작업 완료: 공항 기업 데이터 갱신
2025-08-11 15:35:55 [INFO] 작업 시작: 공항 시설 데이터 갱신
2025-08-11 15:36:09 [INFO] 작업 완료: 공항 시설 데이터 갱신
2025-08-11 15:36:09 [INFO] 작업 시작: 주차 할인 정책 데이터 갱신
2025-08-11 15:36:18 [INFO] 작업 완료: 주차 할인 정책 데이터 갱신
2025-08-11 15:36:18 [INFO] 작업 시작: 주차 요금 결제 방법 데이터 갱신
2025-08-11 15:36:27 [INFO] 작업 완료: 주차 요금 결제 방법 데이터 갱신
2025-08-11 15:36:27 [INFO] 작업 시작: 주차장 데이터 갱신
2025-08-11 15:36:32 [INFO] 작업 완료: 주차장 데이터 갱신
2025-08-11 15:36:32 [INFO] 작업 시작: 주차장 보행 시간 데이터 갱신
2025-08-11 15:36:34 [INFO] 작업 완료: 주차장 보행 시간 데이터 갱신
2025-08-11 15:38:14 [INFO] 작업 시작: TAF 데이터 갱신
2025-08-11 15:38:15 [INFO] 작업 완료: TAF 데이터 갱신
2025-08-11 15:38:15 [INFO] 작업 시작: ATMOS 데이터 갱신
2025-08-11 15:38:27 [INFO] 작업 완료: ATMOS 데이터 갱신
2025-08-11 15:38:27 [INFO] 작업 시작: airline 데이터 갱신
2025-08-11 15:38:31 [INFO] 작업 완료: airline 데이터 갱신
2025-08-11 15:38:31 [INFO] 작업 시작: airport 데이터 갱신
2025-08-11 15:38:37 [INFO] 작업 완료: airport 데이터 갱신
2025-08-11 15:38:37 [INFO] 작업 시작: flight schedule 데이터 갱신
2025-08-11 15:38:47 [INFO] 작업 완료: flight schedule 데이터 갱신
2025-08-11 15:38:47 [INFO] 작업 시작: airline 정보 업데이트
2025-08-11 15:38:47 [INFO] 작업 완료: airline 정보 업데이트
2025-08-11 15:38:47 [INFO] 작업 시작: 국가 데이터 갱신
2025-08-11 15:38:52 [INFO] 작업 완료: 국가 데이터 갱신
2025-08-11 15:38:52 [INFO] 작업 시작: 제한 품목 데이터 갱신
2025-08-11 15:38:55 [INFO] 작업 완료: 제한 품목 데이터 갱신
2025-08-11 15:38:55 [INFO] 작업 시작: 최소 환승 시간 데이터 갱신
2025-08-11 15:38:58 [INFO] 작업 완료: 최소 환승 시간 데이터 갱신
2025-08-11 15:38:58 [INFO] 작업 시작: 공항 절차 데이터 갱신
2025-08-11 15:39:03 [INFO] 작업 완료: 공항 절차 데이터 갱신
2025-08-11 15:39:03 [INFO] 작업 시작: 환승 경로 데이터 갱신
2025-08-11 15:39:05 [INFO] 작업 완료: 환승 경로 데이터 갱신
2025-08-11 15:39:05 [INFO] 작업 시작: 공항 혼잡 예측 데이터 갱신
2025-08-11 15:39:07 [INFO] 작업 완료: 공항 혼잡 예측 데이터 갱신
2025-08-11 15:39:07 [INFO] 작업 시작: 공항 기업 데이터 갱신
2025-08-11 15:39:14 [INFO] 작업 완료: 공항 기업 데이터 갱신
2025-08-11 15:39:14 [INFO] 작업 시작: 공항 시설 데이터 갱신
2025-08-11 15:39:25 [INFO] 작업 완료: 공항 시설 데이터 갱신
2025-08-11 15:39:25 [INFO] 작업 시작: 주차 할인 정책 데이터 갱신
2025-08-11 15:39:27 [INFO] 작업 완료: 주차 할인 정책 데이터 갱신
2025-08-11 15:39:27 [INFO] 작업 시작: 주차 요금 결제 방법 데이터 갱신
2025-08-11 15:39:29 [INFO] 작업 완료: 주차 요금 결제 방법 데이터 갱신
2025-08-11 15:39:29 [INFO] 작업 시작: 주차장 데이터 갱신
2025-08-11 15:39:30 [INFO] 작업 완료: 주차장 데이터 갱신
2025-08-11 15:39:30 [INFO] 작업 시작: 주차장 보행 시간 데이터 갱신
2025-08-11 15:39:31 [INFO] 작업 완료: 주차장 보행 시간 데이터 갱신
2025-08-11 15:48:09 [INFO] 작업 시작: TAF 데이터 갱신
2025-08-11 15:48:10 [INFO] 작업 완료: TAF 데이터 갱신
2025-08-11 15:48:10 [INFO] 작업 시작: ATMOS 데이터 갱신
2025-08-11 15:48:12 [INFO] 작업 완료: ATMOS 데이터 갱신
2025-08-11 15:48:12 [INFO] 작업 시작: airline 데이터 갱신
2025-08-11 15:48:14 [INFO] 작업 완료: airline 데이터 갱신
2025-08-11 15:48:14 [INFO] 작업 시작: airport 데이터 갱신
2025-08-11 15:48:20 [INFO] 작업 완료: airport 데이터 갱신
2025-08-11 15:48:20 [INFO] 작업 시작: flight schedule 데이터 갱신
2025-08-11 15:48:26 [INFO] 작업 완료: flight schedule 데이터 갱신
2025-08-11 15:48:26 [INFO] 작업 시작: airline 정보 업데이트
2025-08-11 15:48:26 [INFO] 작업 완료: airline 정보 업데이트
2025-08-11 15:48:26 [INFO] 작업 시작: 국가 데이터 갱신
2025-08-11 15:48:29 [INFO] 작업 완료: 국가 데이터 갱신
2025-08-11 15:48:29 [INFO] 작업 시작: 제한 품목 데이터 갱신
2025-08-11 15:48:31 [INFO] 작업 완료: 제한 품목 데이터 갱신
2025-08-11 15:48:31 [INFO] 작업 시작: 최소 환승 시간 데이터 갱신
2025-08-11 15:48:31 [INFO] 작업 완료: 최소 환승 시간 데이터 갱신
2025-08-11 15:48:31 [INFO] 작업 시작: 공항 절차 데이터 갱신
2025-08-11 15:48:33 [INFO] 작업 완료: 공항 절차 데이터 갱신
2025-08-11 15:48:33 [INFO] 작업 시작: 환승 경로 데이터 갱신
2025-08-11 15:48:33 [INFO] 작업 완료: 환승 경로 데이터 갱신
2025-08-11 15:48:33 [INFO] 작업 시작: 공항 혼잡 예측 데이터 갱신
2025-08-11 15:48:34 [INFO] 작업 완료: 공항 혼잡 예측 데이터 갱신
2025-08-11 15:48:34 [INFO] 작업 시작: 공항 기업 데이터 갱신
2025-08-11 15:48:38 [INFO] 작업 완료: 공항 기업 데이터 갱신
2025-08-11 15:48:38 [INFO] 작업 시작: 공항 시설 데이터 갱신
2025-08-11 15:48:42 [INFO] 작업 완료: 공항 시설 데이터 갱신
2025-08-11 15:48:42 [INFO] 작업 시작: 주차 할인 정책 데이터 갱신
2025-08-11 15:48:43 [INFO] 작업 완료: 주차 할인 정책 데이터 갱신
2025-08-11 15:48:43 [INFO] 작업 시작: 주차 요금 결제 방법 데이터 갱신
2025-08-11 15:48:44 [INFO] 작업 완료: 주차 요금 결제 방법 데이터 갱신
2025-08-11 15:48:44 [INFO] 작업 시작: 주차장 데이터 갱신
2025-08-11 15:48:44 [ERROR] 작업 중 오류 발생(주차장 데이터 갱신): upload_parking_lot_from_csv() takes 0 positional arguments but 1 was given
2025-08-11 15:48:44 [INFO] 작업 시작: 주차장 보행 시간 데이터 갱신
2025-08-11 15:48:44 [INFO] 작업 완료: 주차장 보행 시간 데이터 갱신
2025-08-11 15:54:42 [INFO] 작업 시작: TAF 데이터 갱신
2025-08-11 15:54:43 [INFO] 작업 완료: TAF 데이터 갱신
2025-08-11 15:54:43 [INFO] 작업 시작: ATMOS 데이터 갱신
2025-08-11 15:55:00 [INFO] 작업 완료: ATMOS 데이터 갱신
2025-08-11 15:55:00 [INFO] 작업 시작: airline 데이터 갱신
2025-08-11 15:55:02 [INFO] 작업 완료: airline 데이터 갱신
2025-08-11 15:55:02 [INFO] 작업 시작: airport 데이터 갱신
2025-08-11 15:55:09 [INFO] 작업 완료: airport 데이터 갱신
2025-08-11 15:55:09 [INFO] 작업 시작: flight schedule 데이터 갱신
2025-08-11 15:55:14 [INFO] 작업 완료: flight schedule 데이터 갱신
2025-08-11 15:55:14 [INFO] 작업 시작: airline 정보 업데이트
2025-08-11 15:55:15 [INFO] 작업 완료: airline 정보 업데이트
2025-08-11 15:55:15 [INFO] 작업 시작: 국가 데이터 갱신
2025-08-11 15:55:19 [INFO] 작업 완료: 국가 데이터 갱신
2025-08-11 15:55:19 [INFO] 작업 시작: 제한 품목 데이터 갱신
2025-08-11 15:55:21 [INFO] 작업 완료: 제한 품목 데이터 갱신
2025-08-11 15:55:21 [INFO] 작업 시작: 최소 환승 시간 데이터 갱신
2025-08-11 15:55:22 [INFO] 작업 완료: 최소 환승 시간 데이터 갱신
2025-08-11 15:55:22 [INFO] 작업 시작: 공항 절차 데이터 갱신
2025-08-11 15:55:24 [INFO] 작업 완료: 공항 절차 데이터 갱신
2025-08-11 15:55:24 [INFO] 작업 시작: 환승 경로 데이터 갱신
2025-08-11 15:55:25 [INFO] 작업 완료: 환승 경로 데이터 갱신
2025-08-11 15:55:25 [INFO] 작업 시작: 공항 혼잡 예측 데이터 갱신
2025-08-11 15:55:26 [INFO] 작업 완료: 공항 혼잡 예측 데이터 갱신
2025-08-11 15:55:26 [INFO] 작업 시작: 공항 기업 데이터 갱신
2025-08-11 15:55:35 [INFO] 작업 완료: 공항 기업 데이터 갱신
2025-08-11 15:55:35 [INFO] 작업 시작: 공항 시설 데이터 갱신
2025-08-11 15:55:43 [INFO] 작업 완료: 공항 시설 데이터 갱신
2025-08-11 15:55:43 [INFO] 작업 시작: 주차 할인 정책 데이터 갱신
2025-08-11 15:55:45 [INFO] 작업 완료: 주차 할인 정책 데이터 갱신
2025-08-11 15:55:45 [INFO] 작업 시작: 주차 요금 결제 방법 데이터 갱신
2025-08-11 15:55:46 [INFO] 작업 완료: 주차 요금 결제 방법 데이터 갱신
2025-08-11 15:55:46 [INFO] 작업 시작: 주차장 데이터 갱신
2025-08-11 15:55:47 [INFO] 작업 완료: 주차장 데이터 갱신
2025-08-11 15:55:47 [INFO] 작업 시작: 주차장 보행 시간 데이터 갱신
2025-08-11 15:55:47 [ERROR] 작업 중 오류 발생(주차장 보행 시간 데이터 갱신): PARKING_WALK_TIME_API_KEY 환경 변수가 설정되지 않았습니다.
